Using pre-set license
Built from '2021.3/staging' branch; Version is '2021.3.24f1 (cf10dcf7010d) revision 13570268'; Using compiler version '192829333'; Build Type 'Release'
OS: 'Windows 10  (10.0.19044) 64bit Enterprise' Language: 'zh' Physical Memory: 16307 MB
BatchMode: 1, IsHumanControllingUs: 0, StartBugReporterOnCrash: 0, Is64bit: 1, IsPro: 1

COMMAND LINE ARGUMENTS:
D:\2021.3.24f1\Editor\Unity.exe
-adb2
-batchMode
-noUpm
-name
AssetImportWorker2
-projectPath
D:/Unity_ARPG_DEMO_version_teaching/Android_ARPGDEMO
-logFile
Logs/AssetImportWorker2.log
-srvPort
6539
Successfully changed project path to: D:/Unity_ARPG_DEMO_version_teaching/Android_ARPGDEMO
D:/Unity_ARPG_DEMO_version_teaching/Android_ARPGDEMO
[UnityMemory] Configuration Parameters - Can be set up in boot.config
    "memorysetup-bucket-allocator-granularity=16"
    "memorysetup-bucket-allocator-bucket-count=8"
    "memorysetup-bucket-allocator-block-size=33554432"
    "memorysetup-bucket-allocator-block-count=8"
    "memorysetup-main-allocator-block-size=16777216"
    "memorysetup-thread-allocator-block-size=16777216"
    "memorysetup-gfx-main-allocator-block-size=16777216"
    "memorysetup-gfx-thread-allocator-block-size=16777216"
    "memorysetup-cache-allocator-block-size=4194304"
    "memorysetup-typetree-allocator-block-size=2097152"
    "memorysetup-profiler-bucket-allocator-granularity=16"
    "memorysetup-profiler-bucket-allocator-bucket-count=8"
    "memorysetup-profiler-bucket-allocator-block-size=33554432"
    "memorysetup-profiler-bucket-allocator-block-count=8"
    "memorysetup-profiler-allocator-block-size=16777216"
    "memorysetup-profiler-editor-allocator-block-size=1048576"
    "memorysetup-temp-allocator-size-main=16777216"
    "memorysetup-job-temp-allocator-block-size=2097152"
    "memorysetup-job-temp-allocator-block-size-background=1048576"
    "memorysetup-job-temp-allocator-reduction-small-platforms=262144"
    "memorysetup-temp-allocator-size-background-worker=32768"
    "memorysetup-temp-allocator-size-job-worker=262144"
    "memorysetup-temp-allocator-size-preload-manager=33554432"
    "memorysetup-temp-allocator-size-nav-mesh-worker=65536"
    "memorysetup-temp-allocator-size-audio-worker=65536"
    "memorysetup-temp-allocator-size-cloud-worker=32768"
    "memorysetup-temp-allocator-size-gi-baking-worker=262144"
    "memorysetup-temp-allocator-size-gfx=262144"
Player connection [160408] Host "[IP] 192.168.33.152 [Port] 0 [Flags] 2 [Guid] 1914473795 [EditorId] 1914473795 [Version] 1048832 [Id] WindowsEditor(7,PC3876) [Debug] 1 [PackageName] WindowsEditor [ProjectName] Editor" joined multi-casting on [225.0.0.222:54997]...

Player connection [160408] Host "[IP] 192.168.33.152 [Port] 0 [Flags] 2 [Guid] 1914473795 [EditorId] 1914473795 [Version] 1048832 [Id] WindowsEditor(7,PC3876) [Debug] 1 [PackageName] WindowsEditor [ProjectName] Editor" joined alternative multi-casting on [225.0.0.222:34997]...

Refreshing native plugins compatible for Editor in 98.68 ms, found 3 plugins.
Preloading 0 native plugins for Editor in 0.00 ms.
Initialize engine version: 2021.3.24f1 (cf10dcf7010d)
[Subsystems] Discovering subsystems at path D:/2021.3.24f1/Editor/Data/Resources/UnitySubsystems
[Subsystems] Discovering subsystems at path D:/Unity_ARPG_DEMO_version_teaching/Android_ARPGDEMO/Assets
GfxDevice: creating device client; threaded=0; jobified=0
Direct3D:
    Version:  Direct3D 11.0 [level 11.1]
    Renderer: NVIDIA GeForce GTX 1050 (ID=0x1c81)
    Vendor:   NVIDIA
    VRAM:     1976 MB
    Driver:   31.0.15.3640
Initialize mono
Mono path[0] = 'D:/2021.3.24f1/Editor/Data/Managed'
Mono path[1] = 'D:/2021.3.24f1/Editor/Data/MonoBleedingEdge/lib/mono/unityjit-win32'
Mono config path = 'D:/2021.3.24f1/Editor/Data/MonoBleedingEdge/etc'
Using monoOptions --debugger-agent=transport=dt_socket,embedding=1,server=y,suspend=n,address=127.0.0.1:56432
Begin MonoManager ReloadAssembly
Registering precompiled unity dll's ...
Register platform support module: D:/2021.3.24f1/Editor/Data/PlaybackEngines/AndroidPlayer/UnityEditor.Android.Extensions.dll
Register platform support module: D:/2021.3.24f1/Editor/Data/PlaybackEngines/WindowsStandaloneSupport/UnityEditor.WindowsStandalone.Extensions.dll
Registered in 0.004623 seconds.
Native extension for WindowsStandalone target not found
Native extension for Android target not found
Android Extension - Scanning For ADB Devices 390 ms
Refreshing native plugins compatible for Editor in 84.89 ms, found 3 plugins.
Preloading 0 native plugins for Editor in 0.00 ms.
Mono: successfully reloaded assembly
- Completed reload, in  1.183 seconds
Domain Reload Profiling:
	ReloadAssembly (1184ms)
		BeginReloadAssembly (99ms)
			ExecutionOrderSort (0ms)
			DisableScriptedObjects (0ms)
			BackupInstance (0ms)
			ReleaseScriptingObjects (0ms)
			CreateAndSetChildDomain (1ms)
		EndReloadAssembly (969ms)
			LoadAssemblies (98ms)
			RebuildTransferFunctionScriptingTraits (0ms)
			SetupTypeCache (143ms)
			ReleaseScriptCaches (0ms)
			RebuildScriptCaches (34ms)
			SetupLoadedEditorAssemblies (729ms)
				LogAssemblyErrors (0ms)
				InitializePlatformSupportModulesInManaged (481ms)
				SetLoadedEditorAssemblies (0ms)
				RefreshPlugins (85ms)
				BeforeProcessingInitializeOnLoad (1ms)
				ProcessInitializeOnLoadAttributes (107ms)
				ProcessInitializeOnLoadMethodAttributes (53ms)
				AfterProcessingInitializeOnLoad (0ms)
				EditorAssembliesLoaded (0ms)
			ExecutionOrderSort2 (0ms)
			AwakeInstancesAfterBackupRestoration (0ms)
Platform modules already initialized, skipping
Registering precompiled user dll's ...
Registered in 0.004630 seconds.
Begin MonoManager ReloadAssembly
Symbol file LoadedFromMemory doesn't match image D:\Unity_ARPG_DEMO_version_teaching\Android_ARPGDEMO\Library\PackageCache\com.unity.visualscripting@1.8.0\Editor\VisualScripting.Core\Dependencies\YamlDotNet\Unity.VisualScripting.YamlDotNet.dll
Symbol file LoadedFromMemory doesn't match image D:\Unity_ARPG_DEMO_version_teaching\Android_ARPGDEMO\Library\PackageCache\com.unity.visualscripting@1.8.0\Editor\VisualScripting.Core\Dependencies\DotNetZip\Unity.VisualScripting.IonicZip.dll
Native extension for WindowsStandalone target not found
Native extension for Android target not found
Refreshing native plugins compatible for Editor in 0.57 ms, found 3 plugins.
Preloading 0 native plugins for Editor in 0.00 ms.
Mono: successfully reloaded assembly
- Completed reload, in  1.197 seconds
Domain Reload Profiling:
	ReloadAssembly (1198ms)
		BeginReloadAssembly (137ms)
			ExecutionOrderSort (0ms)
			DisableScriptedObjects (7ms)
			BackupInstance (0ms)
			ReleaseScriptingObjects (0ms)
			CreateAndSetChildDomain (27ms)
		EndReloadAssembly (933ms)
			LoadAssemblies (101ms)
			RebuildTransferFunctionScriptingTraits (0ms)
			SetupTypeCache (349ms)
			ReleaseScriptCaches (1ms)
			RebuildScriptCaches (69ms)
			SetupLoadedEditorAssemblies (380ms)
				LogAssemblyErrors (0ms)
				InitializePlatformSupportModulesInManaged (21ms)
				SetLoadedEditorAssemblies (0ms)
				RefreshPlugins (1ms)
				BeforeProcessingInitializeOnLoad (84ms)
				ProcessInitializeOnLoadAttributes (246ms)
				ProcessInitializeOnLoadMethodAttributes (24ms)
				AfterProcessingInitializeOnLoad (3ms)
				EditorAssembliesLoaded (0ms)
			ExecutionOrderSort2 (0ms)
			AwakeInstancesAfterBackupRestoration (6ms)
Platform modules already initialized, skipping
========================================================================
Worker process is ready to serve import requests
Launched and connected shader compiler UnityShaderCompiler.exe after 0.06 seconds
Refreshing native plugins compatible for Editor in 0.57 ms, found 3 plugins.
Preloading 0 native plugins for Editor in 0.00 ms.
Unloading 3048 Unused Serialized files (Serialized files now loaded: 0)
Unloading 24 unused Assets / (113.4 KB). Loaded Objects now: 3510.
Memory consumption went from 111.8 MB to 111.7 MB.
Total: 3.344600 ms (FindLiveObjects: 0.327100 ms CreateObjectMapping: 0.093900 ms MarkObjects: 2.803000 ms  DeleteObjects: 0.119300 ms)

AssetImportParameters requested are different than current active one (requested -> active):
  custom:video-decoder-ogg-theora: a1e56fd34408186e4bbccfd4996cb3dc -> 
  custom:container-muxer-webm: aa71ff27fc2769a1b78a27578f13a17b -> 
  custom:container-demuxer-webm: 4f35f7cbe854078d1ac9338744f61a02 -> 
  custom:video-encoder-webm-vp8: eb34c28f22e8b96e1ab97ce403110664 -> 
  custom:audio-encoder-webm-vorbis: bf7c407c2cedff20999df2af8eb42d56 -> 
  custom:framework-win-MediaFoundation: 216162199b28c13a410421893ffa2e32 -> 
  custom:container-demuxer-ogg: 62fdf1f143b41e24485cea50d1cbac27 -> 
  custom:video-decoder-webm-vp8: 9c59270c3fd7afecdb556c50c9e8de78 -> 
  custom:audio-decoder-ogg-vorbis: bf7c407c2cedff20999df2af8eb42d56 -> 
========================================================================
Received Import Request.
  Time since last request: 195274.054065 seconds.
  path: Assets/Cartoon Cat/fbx/cat_Idle.fbx
  artifactKey: Guid(ae345304e26649041bd190310d2d2405) Importer(815301076,1909f56bfc062723c751e8b465ee728b)
Start importing Assets/Cartoon Cat/fbx/cat_Idle.fbx using Guid(ae345304e26649041bd190310d2d2405) Importer(815301076,1909f56bfc062723c751e8b465ee728b)  -> (artifact id: '0ec0a1bfd88953d19ed1e1cabb1169d9') in 0.231293 seconds 
========================================================================
Received Import Request.
  Time since last request: 94.063914 seconds.
  path: Assets
  artifactKey: Guid(00000000000000001000000000000000) Importer(815301076,1909f56bfc062723c751e8b465ee728b)
Start importing Assets using Guid(00000000000000001000000000000000) Importer(815301076,1909f56bfc062723c751e8b465ee728b)  -> (artifact id: '79842766b460edbeab6a34051e857a80') in 0.002129 seconds 
========================================================================
Received Import Request.
  Time since last request: 31.840056 seconds.
  path: Assets/Editor
  artifactKey: Guid(b36df67c19d7e10418397ac73c5fe406) Importer(815301076,1909f56bfc062723c751e8b465ee728b)
Start importing Assets/Editor using Guid(b36df67c19d7e10418397ac73c5fe406) Importer(815301076,1909f56bfc062723c751e8b465ee728b)  -> (artifact id: '47ad228dc2859332bd64fc02da5dac49') in 0.001690 seconds 
========================================================================
Received Import Request.
  Time since last request: 15.063085 seconds.
  path: Assets/Plugins
  artifactKey: Guid(070d26ad12f4a7742a06f5f5317a174b) Importer(815301076,1909f56bfc062723c751e8b465ee728b)
Start importing Assets/Plugins using Guid(070d26ad12f4a7742a06f5f5317a174b) Importer(815301076,1909f56bfc062723c751e8b465ee728b)  -> (artifact id: '77698bffe46fe131865571a7f8317bbf') in 0.002101 seconds 
========================================================================
Received Import Request.
  Time since last request: 24.194773 seconds.
  path: Assets/Resources
  artifactKey: Guid(0cdd936769b5fca4aa66d8a0824fff78) Importer(815301076,1909f56bfc062723c751e8b465ee728b)
Start importing Assets/Resources using Guid(0cdd936769b5fca4aa66d8a0824fff78) Importer(815301076,1909f56bfc062723c751e8b465ee728b)  -> (artifact id: '48ec8c9506ec0bd39cebb958053f9716') in 0.001994 seconds 
========================================================================
Received Import Request.
  Time since last request: 22.317606 seconds.
  path: Assets/Scripts
  artifactKey: Guid(bfa4e2e623d154a45bdf88a6fa7820d4) Importer(815301076,1909f56bfc062723c751e8b465ee728b)
Start importing Assets/Scripts using Guid(bfa4e2e623d154a45bdf88a6fa7820d4) Importer(815301076,1909f56bfc062723c751e8b465ee728b)  -> (artifact id: '416c50692ac9702cc27763bf9090b3d2') in 0.001988 seconds 
========================================================================
Received Import Request.
  Time since last request: 26.709836 seconds.
  path: Assets/StreamingAssets
  artifactKey: Guid(b301565a60c39a7449ab8c5b069993d5) Importer(815301076,1909f56bfc062723c751e8b465ee728b)
Start importing Assets/StreamingAssets using Guid(b301565a60c39a7449ab8c5b069993d5) Importer(815301076,1909f56bfc062723c751e8b465ee728b)  -> (artifact id: '8d19eb90751afc5bd41750cc9a374e59') in 0.001824 seconds 
========================================================================
Received Prepare
Registering precompiled user dll's ...
Registered in 0.004878 seconds.
Begin MonoManager ReloadAssembly
Symbol file LoadedFromMemory doesn't match image D:\Unity_ARPG_DEMO_version_teaching\Android_ARPGDEMO\Library\PackageCache\com.unity.visualscripting@1.8.0\Editor\VisualScripting.Core\Dependencies\YamlDotNet\Unity.VisualScripting.YamlDotNet.dll
Symbol file LoadedFromMemory doesn't match image D:\Unity_ARPG_DEMO_version_teaching\Android_ARPGDEMO\Library\PackageCache\com.unity.visualscripting@1.8.0\Editor\VisualScripting.Core\Dependencies\DotNetZip\Unity.VisualScripting.IonicZip.dll
Native extension for WindowsStandalone target not found
Native extension for Android target not found
Refreshing native plugins compatible for Editor in 0.57 ms, found 3 plugins.
Preloading 0 native plugins for Editor in 0.00 ms.
Mono: successfully reloaded assembly
- Completed reload, in  1.133 seconds
Domain Reload Profiling:
	ReloadAssembly (1133ms)
		BeginReloadAssembly (160ms)
			ExecutionOrderSort (0ms)
			DisableScriptedObjects (6ms)
			BackupInstance (0ms)
			ReleaseScriptingObjects (0ms)
			CreateAndSetChildDomain (37ms)
		EndReloadAssembly (866ms)
			LoadAssemblies (108ms)
			RebuildTransferFunctionScriptingTraits (0ms)
			SetupTypeCache (341ms)
			ReleaseScriptCaches (2ms)
			RebuildScriptCaches (48ms)
			SetupLoadedEditorAssemblies (337ms)
				LogAssemblyErrors (0ms)
				InitializePlatformSupportModulesInManaged (19ms)
				SetLoadedEditorAssemblies (0ms)
				RefreshPlugins (1ms)
				BeforeProcessingInitializeOnLoad (60ms)
				ProcessInitializeOnLoadAttributes (231ms)
				ProcessInitializeOnLoadMethodAttributes (22ms)
				AfterProcessingInitializeOnLoad (4ms)
				EditorAssembliesLoaded (0ms)
			ExecutionOrderSort2 (0ms)
			AwakeInstancesAfterBackupRestoration (6ms)
Platform modules already initialized, skipping
Refreshing native plugins compatible for Editor in 2.61 ms, found 3 plugins.
Preloading 0 native plugins for Editor in 0.00 ms.
Unloading 3043 Unused Serialized files (Serialized files now loaded: 0)
Unloading 17 unused Assets / (79.9 KB). Loaded Objects now: 3525.
Memory consumption went from 128.9 MB to 128.9 MB.
Total: 3.123900 ms (FindLiveObjects: 0.265300 ms CreateObjectMapping: 0.074900 ms MarkObjects: 2.690000 ms  DeleteObjects: 0.092700 ms)

AssetImportParameters requested are different than current active one (requested -> active):
  custom:video-decoder-ogg-theora: a1e56fd34408186e4bbccfd4996cb3dc -> 
  custom:container-muxer-webm: aa71ff27fc2769a1b78a27578f13a17b -> 
  custom:container-demuxer-webm: 4f35f7cbe854078d1ac9338744f61a02 -> 
  custom:video-encoder-webm-vp8: eb34c28f22e8b96e1ab97ce403110664 -> 
  custom:audio-encoder-webm-vorbis: bf7c407c2cedff20999df2af8eb42d56 -> 
  custom:framework-win-MediaFoundation: 216162199b28c13a410421893ffa2e32 -> 
  custom:container-demuxer-ogg: 62fdf1f143b41e24485cea50d1cbac27 -> 
  custom:video-decoder-webm-vp8: 9c59270c3fd7afecdb556c50c9e8de78 -> 
  custom:audio-decoder-ogg-vorbis: bf7c407c2cedff20999df2af8eb42d56 -> 
========================================================================
Received Import Request.
  Time since last request: 179.701043 seconds.
  path: Assets/Editor/NewBehaviourScript.cs
  artifactKey: Guid(dae88b033972fe14196bef062304a5f9) Importer(815301076,1909f56bfc062723c751e8b465ee728b)
Start importing Assets/Editor/NewBehaviourScript.cs using Guid(dae88b033972fe14196bef062304a5f9) Importer(815301076,1909f56bfc062723c751e8b465ee728b)  -> (artifact id: '0954182fe559f68d70dba2545a70e88c') in 0.011190 seconds 
========================================================================
Received Prepare
Registering precompiled user dll's ...
Registered in 0.004831 seconds.
Begin MonoManager ReloadAssembly
Symbol file LoadedFromMemory doesn't match image D:\Unity_ARPG_DEMO_version_teaching\Android_ARPGDEMO\Library\PackageCache\com.unity.visualscripting@1.8.0\Editor\VisualScripting.Core\Dependencies\YamlDotNet\Unity.VisualScripting.YamlDotNet.dll
Symbol file LoadedFromMemory doesn't match image D:\Unity_ARPG_DEMO_version_teaching\Android_ARPGDEMO\Library\PackageCache\com.unity.visualscripting@1.8.0\Editor\VisualScripting.Core\Dependencies\DotNetZip\Unity.VisualScripting.IonicZip.dll
Native extension for WindowsStandalone target not found
Native extension for Android target not found
Refreshing native plugins compatible for Editor in 0.60 ms, found 3 plugins.
Preloading 0 native plugins for Editor in 0.00 ms.
Mono: successfully reloaded assembly
- Completed reload, in  1.051 seconds
Domain Reload Profiling:
	ReloadAssembly (1052ms)
		BeginReloadAssembly (155ms)
			ExecutionOrderSort (0ms)
			DisableScriptedObjects (7ms)
			BackupInstance (0ms)
			ReleaseScriptingObjects (0ms)
			CreateAndSetChildDomain (36ms)
		EndReloadAssembly (794ms)
			LoadAssemblies (97ms)
			RebuildTransferFunctionScriptingTraits (0ms)
			SetupTypeCache (303ms)
			ReleaseScriptCaches (1ms)
			RebuildScriptCaches (46ms)
			SetupLoadedEditorAssemblies (313ms)
				LogAssemblyErrors (0ms)
				InitializePlatformSupportModulesInManaged (18ms)
				SetLoadedEditorAssemblies (0ms)
				RefreshPlugins (1ms)
				BeforeProcessingInitializeOnLoad (60ms)
				ProcessInitializeOnLoadAttributes (209ms)
				ProcessInitializeOnLoadMethodAttributes (21ms)
				AfterProcessingInitializeOnLoad (4ms)
				EditorAssembliesLoaded (0ms)
			ExecutionOrderSort2 (0ms)
			AwakeInstancesAfterBackupRestoration (7ms)
Platform modules already initialized, skipping
Refreshing native plugins compatible for Editor in 1.74 ms, found 3 plugins.
Preloading 0 native plugins for Editor in 0.00 ms.
Unloading 3044 Unused Serialized files (Serialized files now loaded: 0)
Unloading 17 unused Assets / (79.9 KB). Loaded Objects now: 3529.
Memory consumption went from 129.0 MB to 128.9 MB.
Total: 3.338300 ms (FindLiveObjects: 0.271200 ms CreateObjectMapping: 0.073100 ms MarkObjects: 2.892400 ms  DeleteObjects: 0.100500 ms)

AssetImportParameters requested are different than current active one (requested -> active):
  custom:video-decoder-ogg-theora: a1e56fd34408186e4bbccfd4996cb3dc -> 
  custom:container-muxer-webm: aa71ff27fc2769a1b78a27578f13a17b -> 
  custom:container-demuxer-webm: 4f35f7cbe854078d1ac9338744f61a02 -> 
  custom:video-encoder-webm-vp8: eb34c28f22e8b96e1ab97ce403110664 -> 
  custom:audio-encoder-webm-vorbis: bf7c407c2cedff20999df2af8eb42d56 -> 
  custom:framework-win-MediaFoundation: 216162199b28c13a410421893ffa2e32 -> 
  custom:container-demuxer-ogg: 62fdf1f143b41e24485cea50d1cbac27 -> 
  custom:video-decoder-webm-vp8: 9c59270c3fd7afecdb556c50c9e8de78 -> 
  custom:audio-decoder-ogg-vorbis: bf7c407c2cedff20999df2af8eb42d56 -> 
========================================================================
Received Prepare
Registering precompiled user dll's ...
Registered in 0.005111 seconds.
Begin MonoManager ReloadAssembly
Symbol file LoadedFromMemory doesn't match image D:\Unity_ARPG_DEMO_version_teaching\Android_ARPGDEMO\Library\PackageCache\com.unity.visualscripting@1.8.0\Editor\VisualScripting.Core\Dependencies\YamlDotNet\Unity.VisualScripting.YamlDotNet.dll
Symbol file LoadedFromMemory doesn't match image D:\Unity_ARPG_DEMO_version_teaching\Android_ARPGDEMO\Library\PackageCache\com.unity.visualscripting@1.8.0\Editor\VisualScripting.Core\Dependencies\DotNetZip\Unity.VisualScripting.IonicZip.dll
Native extension for WindowsStandalone target not found
Native extension for Android target not found
Refreshing native plugins compatible for Editor in 0.58 ms, found 3 plugins.
Preloading 0 native plugins for Editor in 0.00 ms.
Mono: successfully reloaded assembly
- Completed reload, in  1.095 seconds
Domain Reload Profiling:
	ReloadAssembly (1095ms)
		BeginReloadAssembly (158ms)
			ExecutionOrderSort (0ms)
			DisableScriptedObjects (9ms)
			BackupInstance (0ms)
			ReleaseScriptingObjects (0ms)
			CreateAndSetChildDomain (36ms)
		EndReloadAssembly (823ms)
			LoadAssemblies (103ms)
			RebuildTransferFunctionScriptingTraits (0ms)
			SetupTypeCache (312ms)
			ReleaseScriptCaches (1ms)
			RebuildScriptCaches (49ms)
			SetupLoadedEditorAssemblies (321ms)
				LogAssemblyErrors (0ms)
				InitializePlatformSupportModulesInManaged (18ms)
				SetLoadedEditorAssemblies (0ms)
				RefreshPlugins (1ms)
				BeforeProcessingInitializeOnLoad (61ms)
				ProcessInitializeOnLoadAttributes (216ms)
				ProcessInitializeOnLoadMethodAttributes (21ms)
				AfterProcessingInitializeOnLoad (4ms)
				EditorAssembliesLoaded (0ms)
			ExecutionOrderSort2 (0ms)
			AwakeInstancesAfterBackupRestoration (7ms)
Platform modules already initialized, skipping
Refreshing native plugins compatible for Editor in 1.68 ms, found 3 plugins.
Preloading 0 native plugins for Editor in 0.00 ms.
Unloading 3043 Unused Serialized files (Serialized files now loaded: 0)
Unloading 17 unused Assets / (79.9 KB). Loaded Objects now: 3532.
Memory consumption went from 129.0 MB to 128.9 MB.
Total: 3.373200 ms (FindLiveObjects: 0.281400 ms CreateObjectMapping: 0.083200 ms MarkObjects: 2.897300 ms  DeleteObjects: 0.109900 ms)

AssetImportParameters requested are different than current active one (requested -> active):
  custom:video-decoder-ogg-theora: a1e56fd34408186e4bbccfd4996cb3dc -> 
  custom:container-muxer-webm: aa71ff27fc2769a1b78a27578f13a17b -> 
  custom:container-demuxer-webm: 4f35f7cbe854078d1ac9338744f61a02 -> 
  custom:video-encoder-webm-vp8: eb34c28f22e8b96e1ab97ce403110664 -> 
  custom:audio-encoder-webm-vorbis: bf7c407c2cedff20999df2af8eb42d56 -> 
  custom:framework-win-MediaFoundation: 216162199b28c13a410421893ffa2e32 -> 
  custom:container-demuxer-ogg: 62fdf1f143b41e24485cea50d1cbac27 -> 
  custom:video-decoder-webm-vp8: 9c59270c3fd7afecdb556c50c9e8de78 -> 
  custom:audio-decoder-ogg-vorbis: bf7c407c2cedff20999df2af8eb42d56 -> 
========================================================================
Received Import Request.
  Time since last request: 92.577854 seconds.
  path: Assets/Editor/默認資料夾_儲存腳本.txt
  artifactKey: Guid(223825d70447cb24a9c428927028f3db) Importer(815301076,1909f56bfc062723c751e8b465ee728b)
Start importing Assets/Editor/默認資料夾_儲存腳本.txt using Guid(223825d70447cb24a9c428927028f3db) Importer(815301076,1909f56bfc062723c751e8b465ee728b)  -> (artifact id: '01fbe490c4e04528f8d376d59aaaea61') in 0.019822 seconds 
========================================================================
Received Import Request.
  Time since last request: 14.093794 seconds.
  path: Assets/Editor/儲存腳本.txt
  artifactKey: Guid(223825d70447cb24a9c428927028f3db) Importer(815301076,1909f56bfc062723c751e8b465ee728b)
Start importing Assets/Editor/儲存腳本.txt using Guid(223825d70447cb24a9c428927028f3db) Importer(815301076,1909f56bfc062723c751e8b465ee728b)  -> (artifact id: '9abc0634a49c21061f5d5dc2dd4d175c') in 0.002184 seconds 
========================================================================
Received Import Request.
  Time since last request: 6.756755 seconds.
  path: Assets/Editor/5655k4xu3儲存腳本.txt
  artifactKey: Guid(223825d70447cb24a9c428927028f3db) Importer(815301076,1909f56bfc062723c751e8b465ee728b)
Start importing Assets/Editor/5655k4xu3儲存腳本.txt using Guid(223825d70447cb24a9c428927028f3db) Importer(815301076,1909f56bfc062723c751e8b465ee728b)  -> (artifact id: '69146509b13fc947d8b665ae2c1a7fe6') in 0.002189 seconds 
========================================================================
Received Import Request.
  Time since last request: 13.365179 seconds.
  path: Assets/Editor/這裡儲存腳本.txt
  artifactKey: Guid(223825d70447cb24a9c428927028f3db) Importer(815301076,1909f56bfc062723c751e8b465ee728b)
Start importing Assets/Editor/這裡儲存腳本.txt using Guid(223825d70447cb24a9c428927028f3db) Importer(815301076,1909f56bfc062723c751e8b465ee728b)  -> (artifact id: '901c50525503c105a91d500156960815') in 0.002465 seconds 
========================================================================
Received Import Request.
  Time since last request: 30.897530 seconds.
  path: Assets/Editor/關於本資料夾.txt
  artifactKey: Guid(223825d70447cb24a9c428927028f3db) Importer(815301076,1909f56bfc062723c751e8b465ee728b)
Start importing Assets/Editor/關於本資料夾.txt using Guid(223825d70447cb24a9c428927028f3db) Importer(815301076,1909f56bfc062723c751e8b465ee728b)  -> (artifact id: 'c55e15baa1aeb19e73fce40b0fdbe825') in 0.002369 seconds 
========================================================================
Received Import Request.
  Time since last request: 190.280856 seconds.
  path: Assets/Editor/關於本資料夾.txt
  artifactKey: Guid(223825d70447cb24a9c428927028f3db) Importer(815301076,1909f56bfc062723c751e8b465ee728b)
Start importing Assets/Editor/關於本資料夾.txt using Guid(223825d70447cb24a9c428927028f3db) Importer(815301076,1909f56bfc062723c751e8b465ee728b)  -> (artifact id: '2df9086a84a655412352a08d53c37fcc') in 0.002479 seconds 
========================================================================
Received Import Request.
  Time since last request: 17.633237 seconds.
  path: Assets/Editor/說明.txt
  artifactKey: Guid(223825d70447cb24a9c428927028f3db) Importer(815301076,1909f56bfc062723c751e8b465ee728b)
Start importing Assets/Editor/說明.txt using Guid(223825d70447cb24a9c428927028f3db) Importer(815301076,1909f56bfc062723c751e8b465ee728b)  -> (artifact id: 'aa6105453199977d394670c4aaa93225') in 0.002351 seconds 
========================================================================
Received Import Request.
  Time since last request: 179.498756 seconds.
  path: Assets/Editor/說明.txt
  artifactKey: Guid(223825d70447cb24a9c428927028f3db) Importer(815301076,1909f56bfc062723c751e8b465ee728b)
Start importing Assets/Editor/說明.txt using Guid(223825d70447cb24a9c428927028f3db) Importer(815301076,1909f56bfc062723c751e8b465ee728b)  -> (artifact id: '59aa8778f32a6fe3d0f2f9000beba5b1') in 0.002084 seconds 
========================================================================
Received Import Request.
  Time since last request: 11.867942 seconds.
  path: Assets/Plugins/說明.txt
  artifactKey: Guid(24d9b7f47f40fb047b5c2a5b457aef1f) Importer(815301076,1909f56bfc062723c751e8b465ee728b)
Start importing Assets/Plugins/說明.txt using Guid(24d9b7f47f40fb047b5c2a5b457aef1f) Importer(815301076,1909f56bfc062723c751e8b465ee728b)  -> (artifact id: '084688558ceb546da59cd95408bde939') in 0.001924 seconds 
========================================================================
Received Import Request.
  Time since last request: 31.252999 seconds.
  path: Packages/com.unity.timeline/package.json
  artifactKey: Guid(13a9c1b4df2e489e8eb9cacca7429596) Importer(815301076,1909f56bfc062723c751e8b465ee728b)
Start importing Packages/com.unity.timeline/package.json using Guid(13a9c1b4df2e489e8eb9cacca7429596) Importer(815301076,1909f56bfc062723c751e8b465ee728b)  -> (artifact id: 'cb8bfccb78abbe7dce246704718d398b') in 0.009398 seconds 
========================================================================
Received Import Request.
  Time since last request: 1.245294 seconds.
  path: Packages/com.unity.ugui/package.json
  artifactKey: Guid(319b8889f363f5947acf209c17a94149) Importer(815301076,1909f56bfc062723c751e8b465ee728b)
Start importing Packages/com.unity.ugui/package.json using Guid(319b8889f363f5947acf209c17a94149) Importer(815301076,1909f56bfc062723c751e8b465ee728b)  -> (artifact id: '1002360e272cf591a214daa5cb5c75f8') in 0.002076 seconds 
========================================================================
Received Import Request.
  Time since last request: 0.221144 seconds.
  path: Packages/com.unity.collab-proxy/package.json
  artifactKey: Guid(743fda8c4b219c8429fb5a77ede1c879) Importer(815301076,1909f56bfc062723c751e8b465ee728b)
Start importing Packages/com.unity.collab-proxy/package.json using Guid(743fda8c4b219c8429fb5a77ede1c879) Importer(815301076,1909f56bfc062723c751e8b465ee728b)  -> (artifact id: '441cb28566fa7359f42033fb1640df9c') in 0.002663 seconds 
========================================================================
Received Import Request.
  Time since last request: 0.212400 seconds.
  path: Packages/com.unity.visualscripting/package.json
  artifactKey: Guid(545a9d2bc7370224f8d14c22f2f580e0) Importer(815301076,1909f56bfc062723c751e8b465ee728b)
Start importing Packages/com.unity.visualscripting/package.json using Guid(545a9d2bc7370224f8d14c22f2f580e0) Importer(815301076,1909f56bfc062723c751e8b465ee728b)  -> (artifact id: '802ca2141556239ed6a1d27f6470288f') in 0.002461 seconds 
========================================================================
Received Import Request.
  Time since last request: 0.217828 seconds.
  path: Packages/com.unity.ide.vscode/package.json
  artifactKey: Guid(ffc6271f08270b64ca0aae9c49235d81) Importer(815301076,1909f56bfc062723c751e8b465ee728b)
Start importing Packages/com.unity.ide.vscode/package.json using Guid(ffc6271f08270b64ca0aae9c49235d81) Importer(815301076,1909f56bfc062723c751e8b465ee728b)  -> (artifact id: '9797d3eb575af519a91cff9ea5b73f84') in 0.002051 seconds 
========================================================================
Received Import Request.
  Time since last request: 0.227380 seconds.
  path: Packages/com.unity.ide.visualstudio/package.json
  artifactKey: Guid(656f74f6edaa396458412b9e3903d8cd) Importer(815301076,1909f56bfc062723c751e8b465ee728b)
Start importing Packages/com.unity.ide.visualstudio/package.json using Guid(656f74f6edaa396458412b9e3903d8cd) Importer(815301076,1909f56bfc062723c751e8b465ee728b)  -> (artifact id: 'eff850170263018e676487eecccf3901') in 0.002033 seconds 
========================================================================
Received Import Request.
  Time since last request: 1.599654 seconds.
  path: Packages/com.unity.textmeshpro/package.json
  artifactKey: Guid(220e9325710f4235a43492dd1ee4980d) Importer(815301076,1909f56bfc062723c751e8b465ee728b)
Start importing Packages/com.unity.textmeshpro/package.json using Guid(220e9325710f4235a43492dd1ee4980d) Importer(815301076,1909f56bfc062723c751e8b465ee728b)  -> (artifact id: '7f445814511be1caffb984507b3a4793') in 0.002032 seconds 
========================================================================
Received Import Request.
  Time since last request: 1.325960 seconds.
  path: Packages/com.unity.collab-proxy/Editor
  artifactKey: Guid(3eedd97b804f5a546a8817f8be60e318) Importer(815301076,1909f56bfc062723c751e8b465ee728b)
Start importing Packages/com.unity.collab-proxy/Editor using Guid(3eedd97b804f5a546a8817f8be60e318) Importer(815301076,1909f56bfc062723c751e8b465ee728b)  -> (artifact id: '7de5e897b60ee542f68545cfb238e561') in 0.001595 seconds 
========================================================================
Received Import Request.
  Time since last request: 0.676975 seconds.
  path: Packages/com.unity.collab-proxy/Editor/PlasticSCM
  artifactKey: Guid(d5ae383aa416ba14e800dff2526122ed) Importer(815301076,1909f56bfc062723c751e8b465ee728b)
Start importing Packages/com.unity.collab-proxy/Editor/PlasticSCM using Guid(d5ae383aa416ba14e800dff2526122ed) Importer(815301076,1909f56bfc062723c751e8b465ee728b)  -> (artifact id: '7bff4aef2ba0496221064991262c62e2') in 0.002078 seconds 
========================================================================
Received Import Request.
  Time since last request: 1.061909 seconds.
  path: Packages/com.unity.collab-proxy/Editor/PlasticSCM/Unity.PlasticSCM.Editor.asmdef
  artifactKey: Guid(4b84427fd7ace4b4cb623ef8a46124ed) Importer(815301076,1909f56bfc062723c751e8b465ee728b)
Start importing Packages/com.unity.collab-proxy/Editor/PlasticSCM/Unity.PlasticSCM.Editor.asmdef using Guid(4b84427fd7ace4b4cb623ef8a46124ed) Importer(815301076,1909f56bfc062723c751e8b465ee728b)  -> (artifact id: '6ff2382948b68f993f130b2ddb9133eb') in 0.004474 seconds 
========================================================================
Received Import Request.
  Time since last request: 1.424592 seconds.
  path: Packages/com.unity.testtools.codecoverage/package.json
  artifactKey: Guid(ba7d60725b0ec604698819352642be89) Importer(815301076,1909f56bfc062723c751e8b465ee728b)
Start importing Packages/com.unity.testtools.codecoverage/package.json using Guid(ba7d60725b0ec604698819352642be89) Importer(815301076,1909f56bfc062723c751e8b465ee728b)  -> (artifact id: 'b4ede392239df6bf770ed0fb43b79895') in 0.001880 seconds 
========================================================================
Received Import Request.
  Time since last request: 114.792236 seconds.
  path: Assets/Plugins/說明.txt
  artifactKey: Guid(24d9b7f47f40fb047b5c2a5b457aef1f) Importer(815301076,1909f56bfc062723c751e8b465ee728b)
Start importing Assets/Plugins/說明.txt using Guid(24d9b7f47f40fb047b5c2a5b457aef1f) Importer(815301076,1909f56bfc062723c751e8b465ee728b)  -> (artifact id: '124284ffbba954714166b3021563c03f') in 0.002536 seconds 
========================================================================
Received Import Request.
  Time since last request: 194.420566 seconds.
  path: Assets/Resources/說明.txt
  artifactKey: Guid(40b14a66ed10c6446a79f02e2bc6fd6a) Importer(815301076,1909f56bfc062723c751e8b465ee728b)
Start importing Assets/Resources/說明.txt using Guid(40b14a66ed10c6446a79f02e2bc6fd6a) Importer(815301076,1909f56bfc062723c751e8b465ee728b)  -> (artifact id: 'ea37db5dab176eac943cdf92f1cb9438') in 0.002025 seconds 
========================================================================
Received Import Request.
  Time since last request: 89.013733 seconds.
  path: Assets/Resources/說明.txt
  artifactKey: Guid(40b14a66ed10c6446a79f02e2bc6fd6a) Importer(815301076,1909f56bfc062723c751e8b465ee728b)
Start importing Assets/Resources/說明.txt using Guid(40b14a66ed10c6446a79f02e2bc6fd6a) Importer(815301076,1909f56bfc062723c751e8b465ee728b)  -> (artifact id: 'cbe8dab1b0f198eeb13a458bd82e2294') in 0.028125 seconds 
========================================================================
Received Import Request.
  Time since last request: 11.315233 seconds.
  path: Assets/StreamingAssets/說明.txt
  artifactKey: Guid(eba9fa349bd7f3f45afd9c119bd25a93) Importer(815301076,1909f56bfc062723c751e8b465ee728b)
Start importing Assets/StreamingAssets/說明.txt using Guid(eba9fa349bd7f3f45afd9c119bd25a93) Importer(815301076,1909f56bfc062723c751e8b465ee728b)  -> (artifact id: 'a2dfcde367cda040021530a1d0bd0f4a') in 0.002081 seconds 
========================================================================
Received Import Request.
  Time since last request: 29.375481 seconds.
  path: Assets/StreamingAssets/說明.txt
  artifactKey: Guid(eba9fa349bd7f3f45afd9c119bd25a93) Importer(815301076,1909f56bfc062723c751e8b465ee728b)
Start importing Assets/StreamingAssets/說明.txt using Guid(eba9fa349bd7f3f45afd9c119bd25a93) Importer(815301076,1909f56bfc062723c751e8b465ee728b)  -> (artifact id: '438bca92c9a52a7270f66542f58fb20f') in 0.002804 seconds 
========================================================================
Received Import Request.
  Time since last request: 14.404418 seconds.
  path: Assets/Scenes/說明.txt
  artifactKey: Guid(61567de9a9eccee489a6b8e98b8c771b) Importer(815301076,1909f56bfc062723c751e8b465ee728b)
Start importing Assets/Scenes/說明.txt using Guid(61567de9a9eccee489a6b8e98b8c771b) Importer(815301076,1909f56bfc062723c751e8b465ee728b)  -> (artifact id: 'ceafda79e85c5a94984b43f0f0e59241') in 0.001905 seconds 
========================================================================
Received Import Request.
  Time since last request: 73.365314 seconds.
  path: Assets/Scenes/說明.txt
  artifactKey: Guid(61567de9a9eccee489a6b8e98b8c771b) Importer(815301076,1909f56bfc062723c751e8b465ee728b)
Start importing Assets/Scenes/說明.txt using Guid(61567de9a9eccee489a6b8e98b8c771b) Importer(815301076,1909f56bfc062723c751e8b465ee728b)  -> (artifact id: '3f250730507489b07c0e5362c651bb4c') in 0.018866 seconds 
========================================================================
Received Import Request.
  Time since last request: 9.736782 seconds.
  path: Assets/Scripts/說明.txt
  artifactKey: Guid(2b2c35ad481e2b84ba46e5ad0266fd3f) Importer(815301076,1909f56bfc062723c751e8b465ee728b)
Start importing Assets/Scripts/說明.txt using Guid(2b2c35ad481e2b84ba46e5ad0266fd3f) Importer(815301076,1909f56bfc062723c751e8b465ee728b)  -> (artifact id: 'ddedb9155e708fce803f2444d4eb5e5a') in 0.001890 seconds 
========================================================================
Received Import Request.
  Time since last request: 56.099527 seconds.
  path: Assets/Scripts/說明.txt
  artifactKey: Guid(2b2c35ad481e2b84ba46e5ad0266fd3f) Importer(815301076,1909f56bfc062723c751e8b465ee728b)
Start importing Assets/Scripts/說明.txt using Guid(2b2c35ad481e2b84ba46e5ad0266fd3f) Importer(815301076,1909f56bfc062723c751e8b465ee728b)  -> (artifact id: '8f723f754b6577dd9559a557e1a3ec8e') in 0.002333 seconds 
