Using pre-set license
Built from '2021.3/staging' branch; Version is '2021.3.24f1 (cf10dcf7010d) revision 13570268'; Using compiler version '192829333'; Build Type 'Release'
OS: 'Windows 10  (10.0.19044) 64bit Enterprise' Language: 'zh' Physical Memory: 16307 MB
BatchMode: 1, IsHumanControllingUs: 0, StartBugReporterOnCrash: 0, Is64bit: 1, IsPro: 1

COMMAND LINE ARGUMENTS:
D:\2021.3.24f1\Editor\Unity.exe
-adb2
-batchMode
-noUpm
-name
AssetImportWorker2
-projectPath
D:/Unity_ARPG_DEMO_version_teaching/Android_ARPGDEMO
-logFile
Logs/AssetImportWorker2.log
-srvPort
5781
Successfully changed project path to: D:/Unity_ARPG_DEMO_version_teaching/Android_ARPGDEMO
D:/Unity_ARPG_DEMO_version_teaching/Android_ARPGDEMO
[UnityMemory] Configuration Parameters - Can be set up in boot.config
    "memorysetup-bucket-allocator-granularity=16"
    "memorysetup-bucket-allocator-bucket-count=8"
    "memorysetup-bucket-allocator-block-size=33554432"
    "memorysetup-bucket-allocator-block-count=8"
    "memorysetup-main-allocator-block-size=16777216"
    "memorysetup-thread-allocator-block-size=16777216"
    "memorysetup-gfx-main-allocator-block-size=16777216"
    "memorysetup-gfx-thread-allocator-block-size=16777216"
    "memorysetup-cache-allocator-block-size=4194304"
    "memorysetup-typetree-allocator-block-size=2097152"
    "memorysetup-profiler-bucket-allocator-granularity=16"
    "memorysetup-profiler-bucket-allocator-bucket-count=8"
    "memorysetup-profiler-bucket-allocator-block-size=33554432"
    "memorysetup-profiler-bucket-allocator-block-count=8"
    "memorysetup-profiler-allocator-block-size=16777216"
    "memorysetup-profiler-editor-allocator-block-size=1048576"
    "memorysetup-temp-allocator-size-main=16777216"
    "memorysetup-job-temp-allocator-block-size=2097152"
    "memorysetup-job-temp-allocator-block-size-background=1048576"
    "memorysetup-job-temp-allocator-reduction-small-platforms=262144"
    "memorysetup-temp-allocator-size-background-worker=32768"
    "memorysetup-temp-allocator-size-job-worker=262144"
    "memorysetup-temp-allocator-size-preload-manager=33554432"
    "memorysetup-temp-allocator-size-nav-mesh-worker=65536"
    "memorysetup-temp-allocator-size-audio-worker=65536"
    "memorysetup-temp-allocator-size-cloud-worker=32768"
    "memorysetup-temp-allocator-size-gi-baking-worker=262144"
    "memorysetup-temp-allocator-size-gfx=262144"
Player connection [159468] Host "[IP] 192.168.33.152 [Port] 0 [Flags] 2 [Guid] 1913139065 [EditorId] 1913139065 [Version] 1048832 [Id] WindowsEditor(7,PC3876) [Debug] 1 [PackageName] WindowsEditor [ProjectName] Editor" joined multi-casting on [225.0.0.222:54997]...

Player connection [159468] Host "[IP] 192.168.33.152 [Port] 0 [Flags] 2 [Guid] 1913139065 [EditorId] 1913139065 [Version] 1048832 [Id] WindowsEditor(7,PC3876) [Debug] 1 [PackageName] WindowsEditor [ProjectName] Editor" joined alternative multi-casting on [225.0.0.222:34997]...

Refreshing native plugins compatible for Editor in 87.37 ms, found 3 plugins.
Preloading 0 native plugins for Editor in 0.00 ms.
Initialize engine version: 2021.3.24f1 (cf10dcf7010d)
[Subsystems] Discovering subsystems at path D:/2021.3.24f1/Editor/Data/Resources/UnitySubsystems
[Subsystems] Discovering subsystems at path D:/Unity_ARPG_DEMO_version_teaching/Android_ARPGDEMO/Assets
GfxDevice: creating device client; threaded=0; jobified=0
Direct3D:
    Version:  Direct3D 11.0 [level 11.1]
    Renderer: NVIDIA GeForce GTX 1050 (ID=0x1c81)
    Vendor:   NVIDIA
    VRAM:     1976 MB
    Driver:   31.0.15.3640
Initialize mono
Mono path[0] = 'D:/2021.3.24f1/Editor/Data/Managed'
Mono path[1] = 'D:/2021.3.24f1/Editor/Data/MonoBleedingEdge/lib/mono/unityjit-win32'
Mono config path = 'D:/2021.3.24f1/Editor/Data/MonoBleedingEdge/etc'
Using monoOptions --debugger-agent=transport=dt_socket,embedding=1,server=y,suspend=n,address=127.0.0.1:56092
Begin MonoManager ReloadAssembly
Registering precompiled unity dll's ...
Register platform support module: D:/2021.3.24f1/Editor/Data/PlaybackEngines/AndroidPlayer/UnityEditor.Android.Extensions.dll
Register platform support module: D:/2021.3.24f1/Editor/Data/PlaybackEngines/WindowsStandaloneSupport/UnityEditor.WindowsStandalone.Extensions.dll
Registered in 0.003388 seconds.
Native extension for WindowsStandalone target not found
Native extension for Android target not found
Android Extension - Scanning For ADB Devices 311 ms
Refreshing native plugins compatible for Editor in 80.09 ms, found 3 plugins.
Preloading 0 native plugins for Editor in 0.00 ms.
Mono: successfully reloaded assembly
- Completed reload, in  1.026 seconds
Domain Reload Profiling:
	ReloadAssembly (1027ms)
		BeginReloadAssembly (98ms)
			ExecutionOrderSort (0ms)
			DisableScriptedObjects (0ms)
			BackupInstance (0ms)
			ReleaseScriptingObjects (0ms)
			CreateAndSetChildDomain (5ms)
		EndReloadAssembly (824ms)
			LoadAssemblies (93ms)
			RebuildTransferFunctionScriptingTraits (0ms)
			SetupTypeCache (125ms)
			ReleaseScriptCaches (0ms)
			RebuildScriptCaches (29ms)
			SetupLoadedEditorAssemblies (616ms)
				LogAssemblyErrors (0ms)
				InitializePlatformSupportModulesInManaged (382ms)
				SetLoadedEditorAssemblies (0ms)
				RefreshPlugins (80ms)
				BeforeProcessingInitializeOnLoad (1ms)
				ProcessInitializeOnLoadAttributes (102ms)
				ProcessInitializeOnLoadMethodAttributes (50ms)
				AfterProcessingInitializeOnLoad (0ms)
				EditorAssembliesLoaded (0ms)
			ExecutionOrderSort2 (0ms)
			AwakeInstancesAfterBackupRestoration (0ms)
Platform modules already initialized, skipping
Registering precompiled user dll's ...
Registered in 0.004806 seconds.
Begin MonoManager ReloadAssembly
Symbol file LoadedFromMemory doesn't match image D:\Unity_ARPG_DEMO_version_teaching\Android_ARPGDEMO\Library\PackageCache\com.unity.visualscripting@1.8.0\Editor\VisualScripting.Core\Dependencies\YamlDotNet\Unity.VisualScripting.YamlDotNet.dll
Symbol file LoadedFromMemory doesn't match image D:\Unity_ARPG_DEMO_version_teaching\Android_ARPGDEMO\Library\PackageCache\com.unity.visualscripting@1.8.0\Editor\VisualScripting.Core\Dependencies\DotNetZip\Unity.VisualScripting.IonicZip.dll
Native extension for WindowsStandalone target not found
Native extension for Android target not found
Refreshing native plugins compatible for Editor in 0.63 ms, found 3 plugins.
Preloading 0 native plugins for Editor in 0.00 ms.
Mono: successfully reloaded assembly
- Completed reload, in  1.090 seconds
Domain Reload Profiling:
	ReloadAssembly (1091ms)
		BeginReloadAssembly (137ms)
			ExecutionOrderSort (0ms)
			DisableScriptedObjects (7ms)
			BackupInstance (0ms)
			ReleaseScriptingObjects (0ms)
			CreateAndSetChildDomain (22ms)
		EndReloadAssembly (839ms)
			LoadAssemblies (103ms)
			RebuildTransferFunctionScriptingTraits (0ms)
			SetupTypeCache (289ms)
			ReleaseScriptCaches (1ms)
			RebuildScriptCaches (58ms)
			SetupLoadedEditorAssemblies (361ms)
				LogAssemblyErrors (0ms)
				InitializePlatformSupportModulesInManaged (18ms)
				SetLoadedEditorAssemblies (0ms)
				RefreshPlugins (1ms)
				BeforeProcessingInitializeOnLoad (79ms)
				ProcessInitializeOnLoadAttributes (237ms)
				ProcessInitializeOnLoadMethodAttributes (22ms)
				AfterProcessingInitializeOnLoad (4ms)
				EditorAssembliesLoaded (0ms)
			ExecutionOrderSort2 (0ms)
			AwakeInstancesAfterBackupRestoration (6ms)
Platform modules already initialized, skipping
========================================================================
Worker process is ready to serve import requests
Launched and connected shader compiler UnityShaderCompiler.exe after 0.05 seconds
Refreshing native plugins compatible for Editor in 0.60 ms, found 3 plugins.
Preloading 0 native plugins for Editor in 0.00 ms.
Unloading 3048 Unused Serialized files (Serialized files now loaded: 0)
Unloading 24 unused Assets / (113.4 KB). Loaded Objects now: 3510.
Memory consumption went from 111.8 MB to 111.7 MB.
Total: 3.239700 ms (FindLiveObjects: 0.291500 ms CreateObjectMapping: 0.080700 ms MarkObjects: 2.757100 ms  DeleteObjects: 0.109200 ms)

AssetImportParameters requested are different than current active one (requested -> active):
  custom:video-decoder-ogg-theora: a1e56fd34408186e4bbccfd4996cb3dc -> 
  custom:container-muxer-webm: aa71ff27fc2769a1b78a27578f13a17b -> 
  custom:container-demuxer-webm: 4f35f7cbe854078d1ac9338744f61a02 -> 
  custom:video-encoder-webm-vp8: eb34c28f22e8b96e1ab97ce403110664 -> 
  custom:audio-encoder-webm-vorbis: bf7c407c2cedff20999df2af8eb42d56 -> 
  custom:framework-win-MediaFoundation: 216162199b28c13a410421893ffa2e32 -> 
  custom:container-demuxer-ogg: 62fdf1f143b41e24485cea50d1cbac27 -> 
  custom:video-decoder-webm-vp8: 9c59270c3fd7afecdb556c50c9e8de78 -> 
  custom:audio-decoder-ogg-vorbis: bf7c407c2cedff20999df2af8eb42d56 -> 
========================================================================
Received Import Request.
  Time since last request: 194333.765960 seconds.
  path: Assets/MaoController.cs
  artifactKey: Guid(890485adc3265fb42af1b2f133ba572b) Importer(815301076,1909f56bfc062723c751e8b465ee728b)
Start importing Assets/MaoController.cs using Guid(890485adc3265fb42af1b2f133ba572b) Importer(815301076,1909f56bfc062723c751e8b465ee728b)  -> (artifact id: 'ddfd84e5fcaba81beaa48902a8905750') in 0.020968 seconds 
========================================================================
Received Import Request.
  Time since last request: 0.652251 seconds.
  path: Assets/Textures
  artifactKey: Guid(365f275f72f41564ab4d435859bbdea4) Importer(815301076,1909f56bfc062723c751e8b465ee728b)
Start importing Assets/Textures using Guid(365f275f72f41564ab4d435859bbdea4) Importer(815301076,1909f56bfc062723c751e8b465ee728b)  -> (artifact id: '2f951d2ee4dbe8a5224aaad607ad223f') in 0.002254 seconds 
========================================================================
Received Import Request.
  Time since last request: 222.464813 seconds.
  path: Assets/Cartoon Cat/Cartoon Cat.unity
  artifactKey: Guid(8e64fa02faa950a4ea21df03f406f41f) Importer(815301076,1909f56bfc062723c751e8b465ee728b)
Start importing Assets/Cartoon Cat/Cartoon Cat.unity using Guid(8e64fa02faa950a4ea21df03f406f41f) Importer(815301076,1909f56bfc062723c751e8b465ee728b)  -> (artifact id: 'acc8a65b36864f0c569d40bb4406c17c') in 0.002367 seconds 
========================================================================
Received Import Request.
  Time since last request: 9.900334 seconds.
  path: Assets/Cartoon Cat/fbx
  artifactKey: Guid(30e74f135fd0144428d289e6d32ac5d9) Importer(815301076,1909f56bfc062723c751e8b465ee728b)
Start importing Assets/Cartoon Cat/fbx using Guid(30e74f135fd0144428d289e6d32ac5d9) Importer(815301076,1909f56bfc062723c751e8b465ee728b)  -> (artifact id: 'd6fa83e9f0076a7415c2f1f7af6b0785') in 0.001928 seconds 
========================================================================
Received Import Request.
  Time since last request: 0.062803 seconds.
  path: Assets/Cartoon Cat/fbx/cat_Eat.fbx
  artifactKey: Guid(529891a3e61cbc040b64d23184f9bda5) Importer(815301076,1909f56bfc062723c751e8b465ee728b)
Start importing Assets/Cartoon Cat/fbx/cat_Eat.fbx using Guid(529891a3e61cbc040b64d23184f9bda5) Importer(815301076,1909f56bfc062723c751e8b465ee728b)  -> (artifact id: '63809b59c3c4bd180bb58e0a640ff078') in 0.616550 seconds 
========================================================================
Received Import Request.
  Time since last request: 0.000032 seconds.
  path: Assets/Cartoon Cat/fbx/Texture.png
  artifactKey: Guid(689302a6f0552da4a983b708fe57f02b) Importer(815301076,1909f56bfc062723c751e8b465ee728b)
Start importing Assets/Cartoon Cat/fbx/Texture.png using Guid(689302a6f0552da4a983b708fe57f02b) Importer(815301076,1909f56bfc062723c751e8b465ee728b)  -> (artifact id: 'c0656301890f8120932463288b5a528a') in 0.040246 seconds 
========================================================================
Received Import Request.
  Time since last request: 0.000042 seconds.
  path: Assets/Cartoon Cat/fbx/cat_Walk.fbx
  artifactKey: Guid(78ed35e04a2bf404f906593f0946dcd4) Importer(815301076,1909f56bfc062723c751e8b465ee728b)
Start importing Assets/Cartoon Cat/fbx/cat_Walk.fbx using Guid(78ed35e04a2bf404f906593f0946dcd4) Importer(815301076,1909f56bfc062723c751e8b465ee728b)  -> (artifact id: '92e2ab4ac919972c7a1fff8e9a6f30fd') in 0.033525 seconds 
